<?xml version="1.0" encoding="UTF-8"?>
<!-- Generated by org.testng.reporters.JUnitReportReporter -->
<testsuite hostname="Lucky" failures="0" tests="2" name="com.example.tests.App" time="4.876" errors="0" timestamp="2022-11-19T15:32:12 IST" skipped="0">
  <testcase classname="com.example.tests.App" name="doSetup" time="4.534"/>
  <system-out/>
  <testcase classname="com.example.tests.App" name="Discover" time="0.342"/>
  <system-out/>
</testsuite> <!-- com.example.tests.App -->
