<?xml version="1.0" encoding="UTF-8"?>
<!-- Generated by org.testng.reporters.JUnitReportReporter -->
<testsuite hostname="Lucky" failures="0" tests="2" name="com.example.tests.Immutly" time="6.919" errors="0" timestamp="2022-11-17T21:07:34 IST" skipped="0">
  <testcase classname="com.example.tests.Immutly" name="doSetup" time="6.646"/>
  <system-out/>
  <testcase classname="com.example.tests.Immutly" name="Discover" time="0.273"/>
  <system-out/>
</testsuite> <!-- com.example.tests.Immutly -->
