<?xml version="1.0" encoding="UTF-8"?>
<!-- Generated by org.testng.reporters.JUnitReportReporter -->
<testsuite hostname="Lucky" failures="0" tests="2" name="com.example.tests.App" time="17.369" errors="0" timestamp="2022-11-28T12:16:22 IST" skipped="0">
  <testcase classname="com.example.tests.App" name="login" time="11.968"/>
  <system-out/>
  <testcase classname="com.example.tests.App" name="buyNFT" time="5.401"/>
  <system-out/>
</testsuite> <!-- com.example.tests.App -->
